[1/12] cl /c /Zp8 /GR /W3 /EHs /nologo /MD /D_CRT_SECURE_NO_DEPRECATE /D_SCL_SECURE_NO_DEPRECATE /D_SECURE_SCL=0   /DMATLAB_MEX_FILE  /DMATLAB_MEX_FILE /O2 /Oy- /DNDEBUG /fp:strict /I "." /I "C:\Users\Oscar\Documents\GitHub\PDC2021_Keyholes\MOIDroutines\MOID_ORCCA" /I ".\interface" /I "C:\Program Files\MATLAB\R2020a\extern\include" /I "." -DMODEL=ComputeMOID_mex_win   rt_nonfinite.c /Fobuild\win64\rt_nonfinite.obj
rt_nonfinite.c
[2/12] cl /c /Zp8 /GR /W3 /EHs /nologo /MD /D_CRT_SECURE_NO_DEPRECATE /D_SCL_SECURE_NO_DEPRECATE /D_SECURE_SCL=0   /DMATLAB_MEX_FILE  /DMATLAB_MEX_FILE /O2 /Oy- /DNDEBUG /fp:strict /I "." /I "C:\Users\Oscar\Documents\GitHub\PDC2021_Keyholes\MOIDroutines\MOID_ORCCA" /I ".\interface" /I "C:\Program Files\MATLAB\R2020a\extern\include" /I "." -DMODEL=ComputeMOID_mex_win   ComputeMOID_initialize.c /Fobuild\win64\ComputeMOID_initialize.obj
ComputeMOID_initialize.c
[3/12] cl /c /Zp8 /GR /W3 /EHs /nologo /MD /D_CRT_SECURE_NO_DEPRECATE /D_SCL_SECURE_NO_DEPRECATE /D_SECURE_SCL=0   /DMATLAB_MEX_FILE  /DMATLAB_MEX_FILE /O2 /Oy- /DNDEBUG /fp:strict /I "." /I "C:\Users\Oscar\Documents\GitHub\PDC2021_Keyholes\MOIDroutines\MOID_ORCCA" /I ".\interface" /I "C:\Program Files\MATLAB\R2020a\extern\include" /I "." -DMODEL=ComputeMOID_mex_win   ComputeMOID_data.c /Fobuild\win64\ComputeMOID_data.obj
ComputeMOID_data.c
[4/12] cl /c /Zp8 /GR /W3 /EHs /nologo /MD /D_CRT_SECURE_NO_DEPRECATE /D_SCL_SECURE_NO_DEPRECATE /D_SECURE_SCL=0   /DMATLAB_MEX_FILE  /DMATLAB_MEX_FILE /O2 /Oy- /DNDEBUG /fp:strict /I "." /I "C:\Users\Oscar\Documents\GitHub\PDC2021_Keyholes\MOIDroutines\MOID_ORCCA" /I ".\interface" /I "C:\Program Files\MATLAB\R2020a\extern\include" /I "." -DMODEL=ComputeMOID_mex_win   ComputeMOID_terminate.c /Fobuild\win64\ComputeMOID_terminate.obj
ComputeMOID_terminate.c
[5/12] cl /c /Zp8 /GR /W3 /EHs /nologo /MD /D_CRT_SECURE_NO_DEPRECATE /D_SCL_SECURE_NO_DEPRECATE /D_SECURE_SCL=0   /DMATLAB_MEX_FILE  /DMATLAB_MEX_FILE /O2 /Oy- /DNDEBUG /fp:strict /I "." /I "C:\Users\Oscar\Documents\GitHub\PDC2021_Keyholes\MOIDroutines\MOID_ORCCA" /I ".\interface" /I "C:\Program Files\MATLAB\R2020a\extern\include" /I "." -DMODEL=ComputeMOID_mex_win   interface\_coder_ComputeMOID_info.c /Fobuild\win64\_coder_ComputeMOID_info.obj
_coder_ComputeMOID_info.c
[6/12] cl /c /Zp8 /GR /W3 /EHs /nologo /MD /D_CRT_SECURE_NO_DEPRECATE /D_SCL_SECURE_NO_DEPRECATE /D_SECURE_SCL=0   /DMATLAB_MEX_FILE  /DMATLAB_MEX_FILE /O2 /Oy- /DNDEBUG /fp:strict /I "." /I "C:\Users\Oscar\Documents\GitHub\PDC2021_Keyholes\MOIDroutines\MOID_ORCCA" /I ".\interface" /I "C:\Program Files\MATLAB\R2020a\extern\include" /I "." -DMODEL=ComputeMOID_mex_win   ComputeMOID.c /Fobuild\win64\ComputeMOID.obj
ComputeMOID.c
[7/12] cl /c /Zp8 /GR /W3 /EHs /nologo /MD /D_CRT_SECURE_NO_DEPRECATE /D_SCL_SECURE_NO_DEPRECATE /D_SECURE_SCL=0   /DMATLAB_MEX_FILE  /DMATLAB_MEX_FILE /O2 /Oy- /DNDEBUG /fp:strict /I "." /I "C:\Users\Oscar\Documents\GitHub\PDC2021_Keyholes\MOIDroutines\MOID_ORCCA" /I ".\interface" /I "C:\Program Files\MATLAB\R2020a\extern\include" /I "." -DMODEL=ComputeMOID_mex_win   interface\_coder_ComputeMOID_mex.c /Fobuild\win64\_coder_ComputeMOID_mex.obj
_coder_ComputeMOID_mex.c
[8/12] cl /c /Zp8 /GR /W3 /EHs /nologo /MD /D_CRT_SECURE_NO_DEPRECATE /D_SCL_SECURE_NO_DEPRECATE /D_SECURE_SCL=0   /DMATLAB_MEX_FILE  /DMATLAB_MEX_FILE /O2 /Oy- /DNDEBUG /fp:strict /I "." /I "C:\Users\Oscar\Documents\GitHub\PDC2021_Keyholes\MOIDroutines\MOID_ORCCA" /I ".\interface" /I "C:\Program Files\MATLAB\R2020a\extern\include" /I "." -DMODEL=ComputeMOID_mex_win   WaterProcedure.c /Fobuild\win64\WaterProcedure.obj
WaterProcedure.c
[9/12] cl /c /Zp8 /GR /W3 /EHs /nologo /MD /D_CRT_SECURE_NO_DEPRECATE /D_SCL_SECURE_NO_DEPRECATE /D_SECURE_SCL=0   /DMATLAB_MEX_FILE  /DMATLAB_MEX_FILE /O2 /Oy- /DNDEBUG /fp:strict /I "." /I "C:\Users\Oscar\Documents\GitHub\PDC2021_Keyholes\MOIDroutines\MOID_ORCCA" /I ".\interface" /I "C:\Program Files\MATLAB\R2020a\extern\include" /I "." -DMODEL=ComputeMOID_mex_win   interface\_coder_ComputeMOID_api.c /Fobuild\win64\_coder_ComputeMOID_api.obj
_coder_ComputeMOID_api.c
[10/12] cl /c /Zp8 /GR /W3 /EHs /nologo /MD /D_CRT_SECURE_NO_DEPRECATE /D_SCL_SECURE_NO_DEPRECATE /D_SECURE_SCL=0   /DMATLAB_MEX_FILE  /DMATLAB_MEX_FILE /O2 /Oy- /DNDEBUG /fp:strict /I "." /I "C:\Users\Oscar\Documents\GitHub\PDC2021_Keyholes\MOIDroutines\MOID_ORCCA" /I ".\interface" /I "C:\Program Files\MATLAB\R2020a\extern\include" /I "." -DMODEL=ComputeMOID_mex_win   "C:\Program Files\MATLAB\R2020a\extern\version\c_mexapi_version.c" /Fobuild\win64\c_mexapi_version.obj
c_mexapi_version.c
[11/12] cl /c /Zp8 /GR /W3 /EHs /nologo /MD /D_CRT_SECURE_NO_DEPRECATE /D_SCL_SECURE_NO_DEPRECATE /D_SECURE_SCL=0   /DMATLAB_MEX_FILE  /DMATLAB_MEX_FILE /O2 /Oy- /DNDEBUG /fp:strict /I "." /I "C:\Users\Oscar\Documents\GitHub\PDC2021_Keyholes\MOIDroutines\MOID_ORCCA" /I ".\interface" /I "C:\Program Files\MATLAB\R2020a\extern\include" /I "." -DMODEL=ComputeMOID_mex_win   RefFrame.c /Fobuild\win64\RefFrame.obj
RefFrame.c
[12/12] link @ComputeMOID_mex_win.mexw64.rsp /nologo /manifest   /DLL /LIBPATH:"C:\Program Files\MATLAB\R2020a\extern\lib\win64\microsoft" libmx.lib libmex.lib libmat.lib kernel32.lib user32.lib gdi32.lib winspool.lib comdlg32.lib advapi32.lib shell32.lib ole32.lib oleaut32.lib uuid.lib odbc32.lib odbccp32.lib  /out:"ComputeMOID_mex_win.mexw64" libemlrt.lib libcovrt.lib libut.lib libmwmathutil.lib  /export:mexFunction /export:mexfilerequiredapiversion /export:emlrtMexFcnProperties /export:ComputeMOID_initialize /export:ComputeMOID_terminate /export:ComputeMOID_atexit /export:ComputeMOID
   Creating library ComputeMOID_mex_win.lib and object ComputeMOID_mex_win.exp
