[1/12] /usr/bin/xcrun -sdk macosx10.14.1 clang -fno-common -arch x86_64 -mmacosx-version-min=10.9 -fexceptions -isysroot /Library/Developer/CommandLineTools/SDKs/MacOSX10.14.sdk -DMATLAB_MEX_FILE -O2 -fwrapv -DNDEBUG -std=c99 -I "." -I "/Users/anivid/Documents/Research/PDC2021_Keyholes/MOIDroutines/MOID_ORCCA" -I "./interface" -I "/Applications/MATLAB_R2020a.app/extern/include" -I "." -DMODEL=ComputeMOID_mex_MAC -c  ComputeMOID_data.c -o build/maci64/ComputeMOID_data.o
xcrun: error: SDK "macosx10.14.1" cannot be located
[2/12] /usr/bin/xcrun -sdk macosx10.14.1 clang -fno-common -arch x86_64 -mmacosx-version-min=10.9 -fexceptions -isysroot /Library/Developer/CommandLineTools/SDKs/MacOSX10.14.sdk -DMATLAB_MEX_FILE -O2 -fwrapv -DNDEBUG -std=c99 -I "." -I "/Users/anivid/Documents/Research/PDC2021_Keyholes/MOIDroutines/MOID_ORCCA" -I "./interface" -I "/Applications/MATLAB_R2020a.app/extern/include" -I "." -DMODEL=ComputeMOID_mex_MAC -c  rt_nonfinite.c -o build/maci64/rt_nonfinite.o
xcrun: error: SDK "macosx10.14.1" cannot be located
[3/12] /usr/bin/xcrun -sdk macosx10.14.1 clang -fno-common -arch x86_64 -mmacosx-version-min=10.9 -fexceptions -isysroot /Library/Developer/CommandLineTools/SDKs/MacOSX10.14.sdk -DMATLAB_MEX_FILE -O2 -fwrapv -DNDEBUG -std=c99 -I "." -I "/Users/anivid/Documents/Research/PDC2021_Keyholes/MOIDroutines/MOID_ORCCA" -I "./interface" -I "/Applications/MATLAB_R2020a.app/extern/include" -I "." -DMODEL=ComputeMOID_mex_MAC -c  ComputeMOID_terminate.c -o build/maci64/ComputeMOID_terminate.o
xcrun: error: SDK "macosx10.14.1" cannot be located
[4/12] /usr/bin/xcrun -sdk macosx10.14.1 clang -fno-common -arch x86_64 -mmacosx-version-min=10.9 -fexceptions -isysroot /Library/Developer/CommandLineTools/SDKs/MacOSX10.14.sdk -DMATLAB_MEX_FILE -O2 -fwrapv -DNDEBUG -std=c99 -I "." -I "/Users/anivid/Documents/Research/PDC2021_Keyholes/MOIDroutines/MOID_ORCCA" -I "./interface" -I "/Applications/MATLAB_R2020a.app/extern/include" -I "." -DMODEL=ComputeMOID_mex_MAC -c  interface/_coder_ComputeMOID_info.c -o build/maci64/_coder_ComputeMOID_info.o
xcrun: error: SDK "macosx10.14.1" cannot be located
[5/12] /usr/bin/xcrun -sdk macosx10.14.1 clang -fno-common -arch x86_64 -mmacosx-version-min=10.9 -fexceptions -isysroot /Library/Developer/CommandLineTools/SDKs/MacOSX10.14.sdk -DMATLAB_MEX_FILE -O2 -fwrapv -DNDEBUG -std=c99 -I "." -I "/Users/anivid/Documents/Research/PDC2021_Keyholes/MOIDroutines/MOID_ORCCA" -I "./interface" -I "/Applications/MATLAB_R2020a.app/extern/include" -I "." -DMODEL=ComputeMOID_mex_MAC -c  ComputeMOID_initialize.c -o build/maci64/ComputeMOID_initialize.o
xcrun: error: SDK "macosx10.14.1" cannot be located
[6/12] /usr/bin/xcrun -sdk macosx10.14.1 clang -fno-common -arch x86_64 -mmacosx-version-min=10.9 -fexceptions -isysroot /Library/Developer/CommandLineTools/SDKs/MacOSX10.14.sdk -DMATLAB_MEX_FILE -O2 -fwrapv -DNDEBUG -std=c99 -I "." -I "/Users/anivid/Documents/Research/PDC2021_Keyholes/MOIDroutines/MOID_ORCCA" -I "./interface" -I "/Applications/MATLAB_R2020a.app/extern/include" -I "." -DMODEL=ComputeMOID_mex_MAC -c  WaterProcedure.c -o build/maci64/WaterProcedure.o
xcrun: error: SDK "macosx10.14.1" cannot be located
[7/12] /usr/bin/xcrun -sdk macosx10.14.1 clang -fno-common -arch x86_64 -mmacosx-version-min=10.9 -fexceptions -isysroot /Library/Developer/CommandLineTools/SDKs/MacOSX10.14.sdk -DMATLAB_MEX_FILE -O2 -fwrapv -DNDEBUG -std=c99 -I "." -I "/Users/anivid/Documents/Research/PDC2021_Keyholes/MOIDroutines/MOID_ORCCA" -I "./interface" -I "/Applications/MATLAB_R2020a.app/extern/include" -I "." -DMODEL=ComputeMOID_mex_MAC -c  interface/_coder_ComputeMOID_mex.c -o build/maci64/_coder_ComputeMOID_mex.o
xcrun: error: SDK "macosx10.14.1" cannot be located
[8/12] /usr/bin/xcrun -sdk macosx10.14.1 clang -fno-common -arch x86_64 -mmacosx-version-min=10.9 -fexceptions -isysroot /Library/Developer/CommandLineTools/SDKs/MacOSX10.14.sdk -DMATLAB_MEX_FILE -O2 -fwrapv -DNDEBUG -std=c99 -I "." -I "/Users/anivid/Documents/Research/PDC2021_Keyholes/MOIDroutines/MOID_ORCCA" -I "./interface" -I "/Applications/MATLAB_R2020a.app/extern/include" -I "." -DMODEL=ComputeMOID_mex_MAC -c  RefFrame.c -o build/maci64/RefFrame.o
xcrun: error: SDK "macosx10.14.1" cannot be located
[9/12] /usr/bin/xcrun -sdk macosx10.14.1 clang -fno-common -arch x86_64 -mmacosx-version-min=10.9 -fexceptions -isysroot /Library/Developer/CommandLineTools/SDKs/MacOSX10.14.sdk -DMATLAB_MEX_FILE -O2 -fwrapv -DNDEBUG -std=c99 -I "." -I "/Users/anivid/Documents/Research/PDC2021_Keyholes/MOIDroutines/MOID_ORCCA" -I "./interface" -I "/Applications/MATLAB_R2020a.app/extern/include" -I "." -DMODEL=ComputeMOID_mex_MAC -c  interface/_coder_ComputeMOID_api.c -o build/maci64/_coder_ComputeMOID_api.o
xcrun: error: SDK "macosx10.14.1" cannot be located
[10/12] /usr/bin/xcrun -sdk macosx10.14.1 clang -fno-common -arch x86_64 -mmacosx-version-min=10.9 -fexceptions -isysroot /Library/Developer/CommandLineTools/SDKs/MacOSX10.14.sdk -DMATLAB_MEX_FILE -O2 -fwrapv -DNDEBUG -std=c99 -I "." -I "/Users/anivid/Documents/Research/PDC2021_Keyholes/MOIDroutines/MOID_ORCCA" -I "./interface" -I "/Applications/MATLAB_R2020a.app/extern/include" -I "." -DMODEL=ComputeMOID_mex_MAC -c  /Applications/MATLAB_R2020a.app/extern/version/c_mexapi_version.c -o build/maci64/c_mexapi_version.o
xcrun: error: SDK "macosx10.14.1" cannot be located
[11/12] /usr/bin/xcrun -sdk macosx10.14.1 clang -fno-common -arch x86_64 -mmacosx-version-min=10.9 -fexceptions -isysroot /Library/Developer/CommandLineTools/SDKs/MacOSX10.14.sdk -DMATLAB_MEX_FILE -O2 -fwrapv -DNDEBUG -std=c99 -I "." -I "/Users/anivid/Documents/Research/PDC2021_Keyholes/MOIDroutines/MOID_ORCCA" -I "./interface" -I "/Applications/MATLAB_R2020a.app/extern/include" -I "." -DMODEL=ComputeMOID_mex_MAC -c  ComputeMOID.c -o build/maci64/ComputeMOID.o
xcrun: error: SDK "macosx10.14.1" cannot be located
[12/12] /usr/bin/xcrun -sdk macosx10.14.1 clang build/maci64/rt_nonfinite.o build/maci64/ComputeMOID_data.o build/maci64/ComputeMOID_initialize.o build/maci64/ComputeMOID_terminate.o build/maci64/ComputeMOID.o build/maci64/RefFrame.o build/maci64/WaterProcedure.o build/maci64/_coder_ComputeMOID_api.o build/maci64/_coder_ComputeMOID_mex.o build/maci64/_coder_ComputeMOID_info.o build/maci64/c_mexapi_version.o -Wl,-twolevel_namespace -undefined error -arch x86_64 -mmacosx-version-min=10.9 -Wl,-syslibroot,/Library/Developer/CommandLineTools/SDKs/MacOSX10.14.sdk -bundle   -L"/Applications/MATLAB_R2020a.app/bin/maci64" -lmx -lmex -lmat -lc++  -Wl,-rpath,@loader_path -o ComputeMOID_mex_MAC.mexmaci64 -lemlrt -lcovrt -lut -lmwmathutil  -Wl,-exported_symbols_list,ComputeMOID_mex_MAC.map
xcrun: error: SDK "macosx10.14.1" cannot be located
